Arguments: 
  /home/zhq/.nvm/versions/node/v12.9.0/bin/node /usr/share/yarn/bin/yarn.js build

PATH: 
  /home/zhq/.nvm/versions/node/v12.9.0/bin:/usr/local/sbin:/usr/local/bin:/usr/sbin:/usr/bin:/sbin:/bin:/usr/games:/usr/local/games:/snap/bin:/home/zhq/.fzf/bin

Yarn version: 
  1.17.3

Node version: 
  12.9.0

Platform: 
  linux x64

Trace: 
  SyntaxError: /home/zhq/webpack-demo/package.json: Unexpected token } in JSON at position 201
      at JSON.parse (<anonymous>)
      at /usr/share/yarn/lib/cli.js:1625:59
      at Generator.next (<anonymous>)
      at step (/usr/share/yarn/lib/cli.js:304:30)
      at /usr/share/yarn/lib/cli.js:315:13

npm manifest: 
  {
    "name": "webpack-demo",
    "version": "1.0.0",
    "description": "",
    "private": true,
    "scripts": {
      "build":"rm -rf dist;webpack",
      "test": "echo \"Error: no test specified\" && exit 1",
    },
    "author": "",
    "license": "ISC",
    "devDependencies": {
      "webpack": "^4.41.2",
      "webpack-cli": "^3.3.10"
    }
  }

yarn manifest: 
  No manifest

Lockfile: 
  No lockfile
